<?xml version="1.0" encoding="UTF-8"?>
<testsuite xmlns:xsi="http://www.w3.org/2001/XMLSchema-instance" xsi:noNamespaceSchemaLocation="https://maven.apache.org/surefire/maven-surefire-plugin/xsd/surefire-test-report-3.0.xsd" version="3.0" name="com.grae.WeatherTest.WeatherTestApplicationTests" time="3.84" tests="1" errors="0" skipped="0" failures="0">
  <properties>
[...]
</properties>
  <testcase name="contextLoads" classname="com.grae.WeatherTest.WeatherTestApplicationTests" time="0.952">
    <system-out><![CDATA[01:19:51.632 [main] INFO org.springframework.test.context.support.AnnotationConfigContextLoaderUtils -- Could not detect default configuration classes for test class [com.grae.WeatherTest.WeatherTestApplicationTests]: WeatherTestApplicationTests does not declare any static, non-private, non-final, nested classes annotated with @Configuration.
01:19:51.860 [main] INFO org.springframework.boot.test.context.SpringBootTestContextBootstrapper -- Found @SpringBootConfiguration com.grae.WeatherTest.WeatherTestApplication for test class com.grae.WeatherTest.WeatherTestApplicationTests

  .   ____          _            __ _ _
 /\\ / ___'_ __ _ _(_)_ __  __ _ \ \ \ \
( ( )\___ | '_ | '_| | '_ \/ _` | \ \ \ \
 \\/  ___)| |_)| | | | | || (_| |  ) ) ) )
  '  |____| .__|_| |_|_| |_\__, | / / / /
 =========|_|==============|___/=/_/_/_/
 :: Spring Boot ::                (v3.1.2)

2023-08-29T01:19:52.503+01:00  INFO 22152 --- [           main] c.g.W.WeatherTestApplicationTests        : Starting WeatherTestApplicationTests using Java 17.0.8 with PID 22152 (started by Grae in C:\Users\Exdee\IdeaProjects\WeatherTest)
2023-08-29T01:19:52.505+01:00  INFO 22152 --- [           main] c.g.W.WeatherTestApplicationTests        : No active profile set, falling back to 1 default profile: "default"
2023-08-29T01:19:54.163+01:00  INFO 22152 --- [           main] c.g.W.WeatherTestApplicationTests        : Started WeatherTestApplicationTests in 1.991 seconds (process running for 3.814)
]]></system-out>
  </testcase>
</testsuite>